# JRE version: OpenJDK Runtime Environment (11.0.12+7) (build 11.0.12+7-b1504.28-7817840)
# Java VM: OpenJDK 64-Bit Server VM (11.0.12+7-b1504.28-7817840, mixed mode, tiered, compressed oops, g1 gc, windows-amd64)
Heap:
 garbage-first heap   total 262144K, used 70877K [0x0000000080000000, 0x0000000100000000)
  region size 1024K, 22 young (22528K), 2 survivors (2048K)
 Metaspace       used 61605K, capacity 62982K, committed 63272K, reserved 1103872K
  class space    used 7861K, capacity 8387K, committed 8448K, reserved 1048576K
GC Heap History (20 events):
Event: 0.994 GC heap before
{Heap before GC invocations=0 (full 0):
 garbage-first heap   total 262144K, used 16384K [0x0000000080000000, 0x0000000100000000)
  region size 1024K, 14 young (14336K), 0 survivors (0K)
 Metaspace       used 6737K, capacity 6937K, committed 7168K, reserved 1056768K
  class space    used 582K, capacity 650K, committed 768K, reserved 1048576K
}
Event: 1.010 GC heap after
{Heap after GC invocations=1 (full 0):
 garbage-first heap   total 262144K, used 4037K [0x0000000080000000, 0x0000000100000000)
  region size 1024K, 2 young (2048K), 2 survivors (2048K)
 Metaspace       used 6737K, capacity 6937K, committed 7168K, reserved 1056768K
  class space    used 582K, capacity 650K, committed 768K, reserved 1048576K
}
Event: 1.674 GC heap before
{Heap before GC invocations=1 (full 0):
 garbage-first heap   total 262144K, used 19397K [0x0000000080000000, 0x0000000100000000)
  region size 1024K, 14 young (14336K), 2 survivors (2048K)
 Metaspace       used 10290K, capacity 10565K, committed 10624K, reserved 1058816K
  class space    used 1070K, capacity 1139K, committed 1152K, reserved 1048576K
}
Event: 1.679 GC heap after
{Heap after GC invocations=2 (full 0):
 garbage-first heap   total 262144K, used 9493K [0x0000000080000000, 0x0000000100000000)
  region size 1024K, 2 young (2048K), 2 survivors (2048K)
 Metaspace       used 10290K, capacity 10565K, committed 10624K, reserved 1058816K
  class space    used 1070K, capacity 1139K, committed 1152K, reserved 1048576K
}
Event: 2.804 GC heap before
{Heap before GC invocations=2 (full 0):
 garbage-first heap   total 262144K, used 40213K [0x0000000080000000, 0x0000000100000000)
  region size 1024K, 31 young (31744K), 2 survivors (2048K)
 Metaspace       used 11254K, capacity 11520K, committed 11776K, reserved 1060864K
  class space    used 1173K, capacity 1244K, committed 1280K, reserved 1048576K
}
Event: 2.811 GC heap after
{Heap after GC invocations=3 (full 0):
 garbage-first heap   total 262144K, used 12321K [0x0000000080000000, 0x0000000100000000)
  region size 1024K, 4 young (4096K), 4 survivors (4096K)
 Metaspace       used 11254K, capacity 11520K, committed 11776K, reserved 1060864K
  class space    used 1173K, capacity 1244K, committed 1280K, reserved 1048576K
}
Event: 5.873 GC heap before
{Heap before GC invocations=3 (full 0):
 garbage-first heap   total 262144K, used 54305K [0x0000000080000000, 0x0000000100000000)
  region size 1024K, 46 young (47104K), 4 survivors (4096K)
 Metaspace       used 17592K, capacity 18004K, committed 18176K, reserved 1064960K
  class space    used 2073K, capacity 2219K, committed 2304K, reserved 1048576K
}
Event: 5.881 GC heap after
{Heap after GC invocations=4 (full 0):
 garbage-first heap   total 262144K, used 15748K [0x0000000080000000, 0x0000000100000000)
  region size 1024K, 6 young (6144K), 6 survivors (6144K)
 Metaspace       used 17592K, capacity 18004K, committed 18176K, reserved 1064960K
  class space    used 2073K, capacity 2219K, committed 2304K, reserved 1048576K
}
Event: 6.419 GC heap before
{Heap before GC invocations=4 (full 0):
 garbage-first heap   total 262144K, used 42372K [0x0000000080000000, 0x0000000100000000)
  region size 1024K, 33 young (33792K), 6 survivors (6144K)
 Metaspace       used 20674K, capacity 21116K, committed 21296K, reserved 1069056K
  class space    used 2533K, capacity 2660K, committed 2688K, reserved 1048576K
}
Event: 6.427 GC heap after
{Heap after GC invocations=5 (full 0):
 garbage-first heap   total 262144K, used 17167K [0x0000000080000000, 0x0000000100000000)
  region size 1024K, 2 young (2048K), 2 survivors (2048K)
 Metaspace       used 20674K, capacity 21116K, committed 21296K, reserved 1069056K
  class space    used 2533K, capacity 2660K, committed 2688K, reserved 1048576K
}
Event: 7.635 GC heap before
{Heap before GC invocations=6 (full 0):
 garbage-first heap   total 262144K, used 75535K [0x0000000080000000, 0x0000000100000000)
  region size 1024K, 59 young (60416K), 2 survivors (2048K)
 Metaspace       used 26331K, capacity 26942K, committed 27008K, reserved 1073152K
  class space    used 3446K, capacity 3651K, committed 3712K, reserved 1048576K
}
Event: 7.642 GC heap after
{Heap after GC invocations=7 (full 0):
 garbage-first heap   total 262144K, used 18963K [0x0000000080000000, 0x0000000100000000)
  region size 1024K, 4 young (4096K), 4 survivors (4096K)
 Metaspace       used 26331K, capacity 26942K, committed 27008K, reserved 1073152K
  class space    used 3446K, capacity 3651K, committed 3712K, reserved 1048576K
}
Event: 10.036 GC heap before
{Heap before GC invocations=7 (full 0):
 garbage-first heap   total 262144K, used 76307K [0x0000000080000000, 0x0000000100000000)
  region size 1024K, 61 young (62464K), 4 survivors (4096K)
 Metaspace       used 35128K, capacity 35921K, committed 36048K, reserved 1081344K
  class space    used 4562K, capacity 4863K, committed 4864K, reserved 1048576K
}
Event: 10.049 GC heap after
{Heap after GC invocations=8 (full 0):
 garbage-first heap   total 262144K, used 22346K [0x0000000080000000, 0x0000000100000000)
  region size 1024K, 7 young (7168K), 7 survivors (7168K)
 Metaspace       used 35128K, capacity 35921K, committed 36048K, reserved 1081344K
  class space    used 4562K, capacity 4863K, committed 4864K, reserved 1048576K
}
Event: 15.217 GC heap before
{Heap before GC invocations=9 (full 0):
 garbage-first heap   total 262144K, used 171850K [0x0000000080000000, 0x0000000100000000)
  region size 1024K, 153 young (156672K), 7 survivors (7168K)
 Metaspace       used 46845K, capacity 48023K, committed 48284K, reserved 1091584K
  class space    used 6093K, capacity 6564K, committed 6656K, reserved 1048576K
}
Event: 15.247 GC heap after
{Heap after GC invocations=10 (full 0):
 garbage-first heap   total 262144K, used 30625K [0x0000000080000000, 0x0000000100000000)
  region size 1024K, 15 young (15360K), 15 survivors (15360K)
 Metaspace       used 46845K, capacity 48023K, committed 48284K, reserved 1091584K
  class space    used 6093K, capacity 6564K, committed 6656K, reserved 1048576K
}
Event: 19.665 GC heap before
{Heap before GC invocations=10 (full 0):
 garbage-first heap   total 262144K, used 181153K [0x0000000080000000, 0x0000000100000000)
  region size 1024K, 153 young (156672K), 15 survivors (15360K)
 Metaspace       used 57941K, capacity 59342K, committed 59548K, reserved 1101824K
  class space    used 7413K, capacity 7924K, committed 7936K, reserved 1048576K
}
Event: 19.690 GC heap after
{Heap after GC invocations=11 (full 0):
 garbage-first heap   total 262144K, used 49169K [0x0000000080000000, 0x0000000100000000)
  region size 1024K, 18 young (18432K), 18 survivors (18432K)
 Metaspace       used 57941K, capacity 59342K, committed 59548K, reserved 1101824K
  class space    used 7413K, capacity 7924K, committed 7936K, reserved 1048576K
}
Event: 19.910 GC heap before
{Heap before GC invocations=11 (full 0):
 garbage-first heap   total 262144K, used 56337K [0x0000000080000000, 0x0000000100000000)
  region size 1024K, 26 young (26624K), 18 survivors (18432K)
 Metaspace       used 59202K, capacity 60575K, committed 60636K, reserved 1101824K
  class space    used 7550K, capacity 8059K, committed 8064K, reserved 1048576K
}
Event: 19.931 GC heap after
{Heap after GC invocations=12 (full 0):
 garbage-first heap   total 262144K, used 51421K [0x0000000080000000, 0x0000000100000000)
  region size 1024K, 2 young (2048K), 2 survivors (2048K)
 Metaspace       used 59202K, capacity 60575K, committed 60636K, reserved 1101824K
  class space    used 7550K, capacity 8059K, committed 8064K, reserved 1048576K
}

